<?xml version="1.0" encoding="UTF-8"?>
<!-- Generated by org.testng.reporters.JUnitReportReporter -->
<testsuite skipped="0" hostname="LAPTOP-1A7JJUSJ" name="tests.BaseClass" tests="1" failures="0" timestamp="20 Apr 2022 09:14:04 GMT" time="9.986" errors="0">
  <testcase name="scrl" time="9.986" classname="tests.BaseClass"/>
</testsuite> <!-- tests.BaseClass -->
