<?xml version="1.0" encoding="UTF-8"?>
<!-- Generated by org.testng.reporters.JUnitReportReporter -->
<testsuite skipped="0" hostname="LAPTOP-1A7JJUSJ" name="tests.BaseClass" tests="1" failures="0" timestamp="13 Apr 2022 12:06:54 GMT" time="8.591" errors="0">
  <testcase name="scrl" time="8.591" classname="tests.BaseClass"/>
</testsuite> <!-- tests.BaseClass -->
